run_benchmark: v0.7.0 /home/jkeiser/simdjson_benchmark_results/v0.7.0/skylake-x-clang10.json -DCMAKE_BUILD_TYPE=Release
git reset --hard v0.7.0
HEAD is now at cbacec07 Releasing 0.7.0.
cmake -DCMAKE_BUILD_TYPE=Release -DCMAKE_RULE_MESSAGES:BOOL=OFF -DCMAKE_VERBOSE_MAKEFILE:BOOL=ON ..
-- The CXX compiler identification is Clang 10.0.1
-- The C compiler identification is Clang 10.0.1
-- Check for working CXX compiler: /usr/bin/clang++-10
-- Check for working CXX compiler: /usr/bin/clang++-10 -- works
-- Detecting CXX compiler ABI info
-- Detecting CXX compiler ABI info - done
-- Detecting CXX compile features
-- Detecting CXX compile features - done
-- Check for working C compiler: /usr/bin/clang-10
-- Check for working C compiler: /usr/bin/clang-10 -- works
-- Detecting C compiler ABI info
-- Detecting C compiler ABI info - done
-- Detecting C compile features
-- Detecting C compile features - done
-- The simdjson repository appears to be standalone.
-- By default, we attempt to build everything.
-- Looking for pthread.h
-- Looking for pthread.h - found
-- Performing Test CMAKE_HAVE_LIBC_PTHREAD
-- Performing Test CMAKE_HAVE_LIBC_PTHREAD - Failed
-- Check if compiler accepts -pthread
-- Check if compiler accepts -pthread - yes
-- Found Threads: TRUE  
-- Building a dynamic library.
-- Library output directory: /home/jkeiser/simdjson_benchmark_results/simdjson/build
-- Importing google_benchmarks (google/benchmark@8982e1e)
-- Failed to find LLVM FileCheck
-- Found Git: /usr/bin/git (found version "2.27.0") 
-- git Version: v0.2.1-cbacec07
-- Version: 0.2.1
-- Performing Test HAVE_CXX_FLAG_STD_CXX11
-- Performing Test HAVE_CXX_FLAG_STD_CXX11 - Success
-- Performing Test HAVE_CXX_FLAG_WALL
-- Performing Test HAVE_CXX_FLAG_WALL - Success
-- Performing Test HAVE_CXX_FLAG_WEXTRA
-- Performing Test HAVE_CXX_FLAG_WEXTRA - Success
-- Performing Test HAVE_CXX_FLAG_WSHADOW
-- Performing Test HAVE_CXX_FLAG_WSHADOW - Success
-- Performing Test HAVE_CXX_FLAG_WERROR
-- Performing Test HAVE_CXX_FLAG_WERROR - Success
-- Performing Test HAVE_CXX_FLAG_WSHORTEN_64_TO_32
-- Performing Test HAVE_CXX_FLAG_WSHORTEN_64_TO_32 - Success
-- Performing Test HAVE_CXX_FLAG_FSTRICT_ALIASING
-- Performing Test HAVE_CXX_FLAG_FSTRICT_ALIASING - Success
-- Performing Test HAVE_CXX_FLAG_WNO_DEPRECATED_DECLARATIONS
-- Performing Test HAVE_CXX_FLAG_WNO_DEPRECATED_DECLARATIONS - Success
-- Performing Test HAVE_CXX_FLAG_WNO_DEPRECATED
-- Performing Test HAVE_CXX_FLAG_WNO_DEPRECATED - Success
-- Performing Test HAVE_CXX_FLAG_WSTRICT_ALIASING
-- Performing Test HAVE_CXX_FLAG_WSTRICT_ALIASING - Success
-- Performing Test HAVE_CXX_FLAG_WD654
-- Performing Test HAVE_CXX_FLAG_WD654 - Failed
-- Performing Test HAVE_CXX_FLAG_WTHREAD_SAFETY
-- Performing Test HAVE_CXX_FLAG_WTHREAD_SAFETY - Success
-- Performing Test HAVE_THREAD_SAFETY_ATTRIBUTES
-- Performing Test HAVE_THREAD_SAFETY_ATTRIBUTES
-- Performing Test HAVE_THREAD_SAFETY_ATTRIBUTES -- failed to compile
-- Performing Test HAVE_CXX_FLAG_COVERAGE
-- Performing Test HAVE_CXX_FLAG_COVERAGE - Success
-- Performing Test HAVE_STD_REGEX
-- Performing Test HAVE_STD_REGEX
-- Performing Test HAVE_STD_REGEX -- success
-- Performing Test HAVE_GNU_POSIX_REGEX
-- Performing Test HAVE_GNU_POSIX_REGEX
-- Performing Test HAVE_GNU_POSIX_REGEX -- failed to compile
-- Performing Test HAVE_POSIX_REGEX
-- Performing Test HAVE_POSIX_REGEX
-- Performing Test HAVE_POSIX_REGEX -- success
-- Performing Test HAVE_STEADY_CLOCK
-- Performing Test HAVE_STEADY_CLOCK
-- Performing Test HAVE_STEADY_CLOCK -- success
-- Performing Test USE_BOOST_JSON
-- Performing Test USE_BOOST_JSON - Failed
-- Importing cjson (DaveGamble/cJSON@c69134d)
-- Importing fastjson (mikeando/fastjson@485f994)
-- Importing gason (vivkin/gason@7aee524)
-- Importing jsmn (zserge/jsmn@18e9fe4)
-- Importing json (nlohmann/json@v3.9.1)
-- Importing json11 (dropbox/json11@ec4e452)
-- Importing rapidjson (Tencent/rapidjson@b32cd94)
-- Importing sajson (chadaustin/sajson@2dcfd35)
-- Importing ujson4c (esnme/ujson4c@e14f3fd)
-- Importing yyjson (ibireme/yyjson@aa33ec5)
-- Importing cxxopts (jarro2783/cxxopts@794c975)
-- cxxopts version 2.2.0
-- We have cxxopts as a dependency and we are buiding the tools (e.g., json2json).
-- Found Python3: /usr/bin/python3.8 (found version "3.8.6") found components: Interpreter 
-- Git is available and it is recent. We are enabling checkperf targets.
-- Configuring done
-- Generating done
-- Build files have been written to: /home/jkeiser/simdjson_benchmark_results/simdjson/build
make bench_ondemand
/usr/bin/cmake -S/home/jkeiser/simdjson_benchmark_results/simdjson -B/home/jkeiser/simdjson_benchmark_results/simdjson/build --check-build-system CMakeFiles/Makefile.cmake 0
make -f CMakeFiles/Makefile2 bench_ondemand
/usr/bin/cmake -S/home/jkeiser/simdjson_benchmark_results/simdjson -B/home/jkeiser/simdjson_benchmark_results/simdjson/build --check-build-system CMakeFiles/Makefile.cmake 0
/usr/bin/cmake -E cmake_progress_start /home/jkeiser/simdjson_benchmark_results/simdjson/build/CMakeFiles 10
make -f CMakeFiles/Makefile2 benchmark/CMakeFiles/bench_ondemand.dir/all
make -f _deps/google_benchmarks/src/CMakeFiles/benchmark.dir/build.make _deps/google_benchmarks/src/CMakeFiles/benchmark.dir/depend
cd /home/jkeiser/simdjson_benchmark_results/simdjson/build && /usr/bin/cmake -E cmake_depends "Unix Makefiles" /home/jkeiser/simdjson_benchmark_results/simdjson /home/jkeiser/simdjson_benchmark_results/simdjson/dependencies/.cache/google_benchmarks/src /home/jkeiser/simdjson_benchmark_results/simdjson/build /home/jkeiser/simdjson_benchmark_results/simdjson/build/_deps/google_benchmarks/src /home/jkeiser/simdjson_benchmark_results/simdjson/build/_deps/google_benchmarks/src/CMakeFiles/benchmark.dir/DependInfo.cmake --color=
Scanning dependencies of target benchmark
make -f _deps/google_benchmarks/src/CMakeFiles/benchmark.dir/build.make _deps/google_benchmarks/src/CMakeFiles/benchmark.dir/build
cd /home/jkeiser/simdjson_benchmark_results/simdjson/build/_deps/google_benchmarks/src && /usr/bin/clang++-10  -DHAVE_POSIX_REGEX -DHAVE_STD_REGEX -DHAVE_STEADY_CLOCK -I/home/jkeiser/simdjson_benchmark_results/simdjson/dependencies/.cache/google_benchmarks/include -I/home/jkeiser/simdjson_benchmark_results/simdjson/dependencies/.cache/google_benchmarks/src -I/home/jkeiser/simdjson_benchmark_results/simdjson/dependencies/.cache/google_benchmarks/src/../include  -std=c++11  -Wall  -Wextra  -Wshadow  -Wshorten-64-to-32  -fstrict-aliasing  -Wno-deprecated-declarations  -Wstrict-aliasing  -Wthread-safety -O3 -DNDEBUG  -Werror  -Wno-deprecated   -std=c++17 -o CMakeFiles/benchmark.dir/benchmark.cc.o -c /home/jkeiser/simdjson_benchmark_results/simdjson/dependencies/.cache/google_benchmarks/src/benchmark.cc
make[3]: *** [_deps/google_benchmarks/src/CMakeFiles/benchmark.dir/build.make:62: _deps/google_benchmarks/src/CMakeFiles/benchmark.dir/benchmark.cc.o] Interrupt
make[2]: *** [CMakeFiles/Makefile2:989: _deps/google_benchmarks/src/CMakeFiles/benchmark.dir/all] Interrupt
make[1]: *** [CMakeFiles/Makefile2:2798: benchmark/CMakeFiles/bench_ondemand.dir/rule] Interrupt
make: *** [Makefile:1188: bench_ondemand] Interrupt
